TN:
SF:dist/models/Category.js
FN:2,(anonymous_0)
FNF:1
FNH:1
FNDA:1,(anonymous_0)
DA:2,1
DA:3,1
DA:5,1
DA:6,1
DA:7,1
DA:8,1
DA:11,1
LF:7
LH:7
BRDA:2,0,0,1
BRDA:2,0,1,1
BRDA:2,0,2,1
BRDA:3,1,0,0
BRDA:3,1,1,1
BRDA:3,2,0,1
BRDA:3,2,1,1
BRF:7
BRH:6
end_of_record
TN:
SF:dist/services/categoryService.js
FN:2,(anonymous_0)
FN:3,adopt
FN:3,(anonymous_2)
FN:4,(anonymous_3)
FN:5,fulfilled
FN:6,rejected
FN:7,step
FN:11,(anonymous_7)
FN:16,findAll
FN:17,(anonymous_9)
FN:22,createOne
FN:23,(anonymous_11)
FNF:12
FNH:8
FNDA:1,(anonymous_0)
FNDA:1,adopt
FNDA:0,(anonymous_2)
FNDA:1,(anonymous_3)
FNDA:1,fulfilled
FNDA:0,rejected
FNDA:2,step
FNDA:1,(anonymous_7)
FNDA:0,findAll
FNDA:0,(anonymous_9)
FNDA:1,createOne
FNDA:1,(anonymous_11)
DA:2,1
DA:3,1
DA:4,1
DA:5,1
DA:6,0
DA:7,2
DA:8,1
DA:11,1
DA:12,1
DA:14,1
DA:15,1
DA:17,0
DA:18,0
DA:19,0
DA:23,1
DA:24,1
DA:25,1
DA:28,1
LF:18
LH:14
BRDA:2,0,0,1
BRDA:2,0,1,1
BRDA:2,0,2,1
BRDA:3,1,0,1
BRDA:3,1,1,0
BRDA:4,2,0,1
BRDA:4,2,1,1
BRDA:7,3,0,1
BRDA:7,3,1,1
BRDA:8,4,0,1
BRDA:8,4,1,1
BRDA:11,5,0,1
BRDA:11,5,1,1
BRDA:11,5,2,1
BRDA:12,6,0,1
BRDA:12,6,1,0
BRDA:12,7,0,1
BRDA:12,7,1,1
BRF:18
BRH:16
end_of_record
TN:
SF:dist/test/db-helper.js
FN:2,(anonymous_0)
FN:3,adopt
FN:3,(anonymous_2)
FN:4,(anonymous_3)
FN:5,fulfilled
FN:6,rejected
FN:7,step
FN:11,(anonymous_7)
FN:17,connect
FN:18,(anonymous_9)
FN:23,(anonymous_10)
FN:23,(anonymous_11)
FN:28,(anonymous_12)
FN:28,(anonymous_13)
FNF:14
FNH:13
FNDA:3,(anonymous_0)
FNDA:6,adopt
FNDA:1,(anonymous_2)
FNDA:3,(anonymous_3)
FNDA:6,fulfilled
FNDA:0,rejected
FNDA:9,step
FNDA:1,(anonymous_7)
FNDA:1,connect
FNDA:1,(anonymous_9)
FNDA:1,(anonymous_10)
FNDA:1,(anonymous_11)
FNDA:1,(anonymous_12)
FNDA:1,(anonymous_13)
DA:2,1
DA:3,6
DA:4,3
DA:5,6
DA:6,0
DA:7,9
DA:8,3
DA:11,1
DA:12,1
DA:14,1
DA:15,1
DA:16,1
DA:18,1
DA:19,1
DA:20,1
DA:21,1
DA:22,1
DA:23,1
DA:24,1
DA:25,1
DA:26,1
DA:28,1
DA:29,1
DA:30,1
DA:31,1
DA:32,1
DA:38,1
LF:27
LH:26
BRDA:2,0,0,1
BRDA:2,0,1,1
BRDA:2,0,2,1
BRDA:3,1,0,5
BRDA:3,1,1,1
BRDA:4,2,0,3
BRDA:4,2,1,3
BRDA:7,3,0,3
BRDA:7,3,1,6
BRDA:8,4,0,3
BRDA:8,4,1,3
BRDA:11,5,0,1
BRDA:11,5,1,1
BRDA:11,5,2,1
BRDA:12,6,0,0
BRDA:12,6,1,1
BRDA:12,7,0,1
BRDA:12,7,1,1
BRF:18
BRH:17
end_of_record
TN:
SF:models/Category.ts
FNF:0
FNH:0
DA:1,1
DA:3,1
DA:5,1
DA:9,1
LF:4
LH:4
BRF:0
BRH:0
end_of_record
TN:
SF:services/categoryService.ts
FN:4,findAll
FN:10,createOne
FNF:2
FNH:1
FNDA:0,findAll
FNDA:1,createOne
DA:1,1
DA:5,0
DA:7,0
DA:11,1
DA:12,1
DA:15,1
LF:6
LH:4
BRF:0
BRH:0
end_of_record
TN:
SF:test/db-helper.ts
FN:4,connect
FN:11,(anonymous_10)
FN:11,(anonymous_11)
FN:17,(anonymous_12)
FN:17,(anonymous_13)
FNF:5
FNH:5
FNDA:1,connect
FNDA:1,(anonymous_10)
FNDA:1,(anonymous_11)
FNDA:1,(anonymous_12)
FNDA:1,(anonymous_13)
DA:1,1
DA:2,1
DA:5,1
DA:6,1
DA:8,1
DA:10,1
DA:11,1
DA:12,1
DA:13,1
DA:15,1
DA:17,1
DA:18,1
DA:20,1
DA:21,1
DA:22,1
DA:28,1
LF:16
LH:16
BRF:0
BRH:0
end_of_record
