TN:
SF:app.ts
FN:77,(anonymous_1)
FN:81,(anonymous_2)
FNF:2
FNH:0
FNDA:0,(anonymous_1)
FNDA:0,(anonymous_2)
DA:1,1
DA:3,1
DA:4,1
DA:5,1
DA:7,1
DA:8,1
DA:9,1
DA:10,1
DA:11,1
DA:12,1
DA:13,1
DA:14,1
DA:15,1
DA:16,1
DA:17,1
DA:22,1
DA:23,1
DA:25,1
DA:26,1
DA:28,1
DA:29,1
DA:33,1
DA:34,1
DA:35,1
DA:36,1
DA:37,1
DA:38,1
DA:77,1
DA:78,0
DA:81,1
DA:82,0
DA:85,1
DA:86,1
DA:88,1
LF:34
LH:32
BRF:0
BRH:0
end_of_record
TN:
SF:common/auth.ts
FNF:0
FNH:0
DA:1,1
LF:1
LH:1
BRF:0
BRH:0
end_of_record
TN:
SF:controllers/categoryController.ts
FN:5,findAllCategory
FN:11,createOneCategory
FNF:2
FNH:2
FNDA:1,findAllCategory
FNDA:1,createOneCategory
DA:3,1
DA:5,1
DA:6,1
DA:8,1
DA:11,1
DA:12,1
DA:14,1
DA:17,1
LF:8
LH:8
BRF:0
BRH:0
end_of_record
TN:
SF:controllers/orderController.ts
FN:7,createOrder
FN:13,(anonymous_10)
FN:25,getAllOrder
FN:33,getOrderItemsByUserId
FN:42,getOrdersByUserId
FNF:5
FNH:0
FNDA:0,createOrder
FNDA:0,(anonymous_10)
FNDA:0,getAllOrder
FNDA:0,getOrderItemsByUserId
FNDA:0,getOrdersByUserId
DA:3,1
DA:4,1
DA:7,1
DA:8,0
DA:9,0
DA:12,0
DA:13,0
DA:18,0
DA:20,0
DA:21,0
DA:22,0
DA:25,1
DA:26,0
DA:30,0
DA:33,1
DA:35,0
DA:39,0
DA:42,1
DA:43,0
DA:45,0
DA:48,0
DA:51,1
LF:22
LH:7
BRF:0
BRH:0
end_of_record
TN:
SF:controllers/productsController.ts
FN:6,findAllProduct
FN:12,findOneProduct
FN:28,createOneProduct
FNF:3
FNH:0
FNDA:0,findAllProduct
FNDA:0,findOneProduct
FNDA:0,createOneProduct
DA:3,1
DA:4,1
DA:6,1
DA:7,0
DA:9,0
DA:12,1
DA:17,0
DA:18,0
DA:20,0
DA:21,0
DA:22,0
DA:25,0
DA:28,1
DA:29,0
DA:30,0
DA:31,0
DA:33,0
DA:36,0
DA:45,0
DA:49,1
LF:20
LH:6
BRDA:20,0,0,0
BRF:1
BRH:0
end_of_record
TN:
SF:controllers/sizeController.ts
FN:5,createSize
FNF:1
FNH:0
FNDA:0,createSize
DA:3,1
DA:5,1
DA:6,0
DA:7,0
DA:10,1
LF:5
LH:3
BRF:0
BRH:0
end_of_record
TN:
SF:controllers/userController.ts
FN:8,signup
FN:27,login
FN:54,logInWithGoogle
FN:73,deleteAll
FN:79,deleteOne
FN:86,findAll
FNF:6
FNH:0
FNDA:0,signup
FNDA:0,login
FNDA:0,logInWithGoogle
FNDA:0,deleteAll
FNDA:0,deleteOne
FNDA:0,findAll
DA:2,1
DA:5,1
DA:9,0
DA:11,0
DA:13,0
DA:14,0
DA:18,0
DA:21,0
DA:28,0
DA:29,0
DA:30,0
DA:31,0
DA:36,0
DA:37,0
DA:40,0
DA:42,0
DA:44,0
DA:47,0
DA:55,0
DA:56,0
DA:57,0
DA:64,0
DA:67,0
DA:74,0
DA:75,0
DA:80,0
DA:82,0
DA:87,0
DA:88,0
DA:93,1
LF:30
LH:3
BRDA:13,0,0,0
BRDA:30,1,0,0
BRDA:36,2,0,0
BRDA:42,3,0,0
BRDA:56,4,0,0
BRF:5
BRH:0
end_of_record
TN:
SF:errors/ApiError.ts
FN:2,(anonymous_0)
FN:7,(anonymous_1)
FN:11,(anonymous_2)
FN:15,(anonymous_3)
FN:19,(anonymous_4)
FNF:5
FNH:0
FNDA:0,(anonymous_0)
FNDA:0,(anonymous_1)
FNDA:0,(anonymous_2)
FNDA:0,(anonymous_3)
FNDA:0,(anonymous_4)
DA:1,1
DA:2,0
DA:3,0
DA:4,0
DA:8,0
DA:12,0
DA:16,0
DA:20,0
LF:8
LH:1
BRF:0
BRH:0
end_of_record
TN:
SF:middlewares/checkAuth.ts
FN:7,checkAuth
FNF:1
FNH:0
FNDA:0,checkAuth
DA:1,1
DA:4,1
DA:7,1
DA:12,0
DA:13,0
DA:14,0
DA:15,0
DA:18,0
DA:19,0
DA:24,0
DA:25,0
DA:27,0
LF:12
LH:3
BRDA:12,0,0,0
BRDA:12,0,1,0
BRDA:12,1,0,0
BRDA:12,1,1,0
BRDA:13,2,0,0
BRF:5
BRH:0
end_of_record
TN:
SF:middlewares/checkPermission.ts
FN:6,checkPermission
FN:7,(anonymous_1)
FN:12,(anonymous_2)
FNF:3
FNH:1
FNDA:1,checkPermission
FNDA:0,(anonymous_1)
FNDA:0,(anonymous_2)
DA:3,1
DA:6,1
DA:7,1
DA:8,0
DA:11,0
DA:12,0
DA:14,0
DA:15,0
DA:16,0
DA:19,0
LF:10
LH:3
BRDA:11,0,0,0
BRDA:11,0,1,0
BRDA:14,1,0,0
BRF:3
BRH:0
end_of_record
TN:
SF:middlewares/checkRoles.ts
FN:5,checkRoles
FN:6,(anonymous_1)
FNF:2
FNH:1
FNDA:1,checkRoles
FNDA:0,(anonymous_1)
DA:3,1
DA:5,1
DA:6,1
DA:7,0
DA:8,0
DA:9,0
DA:10,0
DA:11,0
DA:13,0
LF:9
LH:3
BRDA:8,0,0,0
BRDA:8,0,1,0
BRDA:9,1,0,0
BRF:3
BRH:0
end_of_record
TN:
SF:middlewares/error.ts
FN:5,apiErrorHandler
FNF:1
FNH:0
FNDA:0,apiErrorHandler
DA:3,1
DA:5,1
DA:11,0
DA:12,0
DA:13,0
DA:14,0
DA:17,0
LF:7
LH:2
BRDA:12,0,0,0
BRF:1
BRH:0
end_of_record
TN:
SF:middlewares/logging.ts
FN:3,loggingMiddleware
FNF:1
FNH:0
FNDA:0,loggingMiddleware
DA:3,1
DA:8,0
DA:9,0
LF:3
LH:1
BRF:0
BRH:0
end_of_record
TN:
SF:middlewares/loginWithGoogle.ts
FN:7,(anonymous_8)
FN:12,(anonymous_9)
FNF:2
FNH:1
FNDA:1,(anonymous_8)
FNDA:0,(anonymous_9)
DA:1,1
DA:2,1
DA:4,1
DA:5,1
DA:7,1
DA:8,1
DA:13,0
DA:14,0
DA:15,0
DA:17,0
DA:18,0
DA:26,0
DA:27,0
DA:30,0
DA:32,0
LF:15
LH:6
BRDA:17,0,0,0
BRF:1
BRH:0
end_of_record
TN:
SF:middlewares/productValidate.ts
FN:6,validateProduct
FNF:1
FNH:0
FNDA:0,validateProduct
DA:4,1
DA:6,1
DA:11,0
DA:12,0
DA:17,0
DA:19,0
LF:6
LH:2
BRF:0
BRH:0
end_of_record
TN:
SF:middlewares/routeNotFound.ts
FN:3,routeNotFound
FNF:1
FNH:0
FNDA:0,routeNotFound
DA:3,1
DA:4,0
LF:2
LH:1
BRF:0
BRH:0
end_of_record
TN:
SF:models/Category.ts
FNF:0
FNH:0
DA:1,2
DA:3,2
DA:5,2
DA:9,2
LF:4
LH:4
BRF:0
BRH:0
end_of_record
TN:
SF:models/Order.ts
FNF:0
FNH:0
DA:1,1
DA:3,1
DA:11,1
DA:30,1
LF:4
LH:4
BRF:0
BRH:0
end_of_record
TN:
SF:models/OrderItem.ts
FNF:0
FNH:0
DA:1,1
DA:3,1
DA:20,1
DA:29,1
LF:4
LH:4
BRF:0
BRH:0
end_of_record
TN:
SF:models/Product.ts
FNF:0
FNH:0
DA:1,1
DA:3,1
DA:5,1
DA:22,1
LF:4
LH:4
BRF:0
BRH:0
end_of_record
TN:
SF:models/Size.ts
FNF:0
FNH:0
DA:1,1
DA:3,1
DA:5,1
DA:9,1
LF:4
LH:4
BRF:0
BRH:0
end_of_record
TN:
SF:models/User.ts
FNF:0
FNH:0
DA:1,1
DA:3,1
DA:5,1
DA:28,1
LF:4
LH:4
BRF:0
BRH:0
end_of_record
TN:
SF:routes/categoryRoute.ts
FNF:0
FNH:0
DA:1,1
DA:3,1
DA:5,1
DA:7,1
DA:9,1
DA:11,1
LF:6
LH:6
BRF:0
BRH:0
end_of_record
TN:
SF:routes/itemsRoute.ts
FN:7,(anonymous_1)
FN:11,(anonymous_2)
FN:26,createItemHandler
FN:40,createItemService
FNF:4
FNH:0
FNDA:0,(anonymous_1)
FNDA:0,(anonymous_2)
FNDA:0,createItemHandler
FNDA:0,createItemService
DA:1,1
DA:2,1
DA:3,1
DA:5,1
DA:7,1
DA:8,0
DA:11,1
DA:12,0
DA:13,0
DA:15,0
DA:16,0
DA:17,0
DA:19,0
DA:22,1
DA:24,1
DA:27,0
DA:30,0
DA:31,0
DA:32,0
DA:35,0
DA:37,0
DA:41,0
LF:22
LH:8
BRDA:15,0,0,0
BRDA:30,1,0,0
BRF:2
BRH:0
end_of_record
TN:
SF:routes/orderRoute.ts
FNF:0
FNH:0
DA:1,1
DA:2,1
DA:3,1
DA:5,1
DA:7,1
DA:8,1
DA:10,1
DA:12,1
LF:8
LH:8
BRF:0
BRH:0
end_of_record
TN:
SF:routes/productsRoute.ts
FNF:0
FNH:0
DA:1,1
DA:3,1
DA:4,1
DA:6,1
DA:9,1
DA:10,1
DA:11,1
DA:12,1
DA:14,1
LF:9
LH:9
BRF:0
BRH:0
end_of_record
TN:
SF:routes/sizeRoute.ts
FNF:0
FNH:0
DA:1,1
DA:2,1
DA:4,1
DA:6,1
DA:8,1
LF:5
LH:5
BRF:0
BRH:0
end_of_record
TN:
SF:routes/userRoute.ts
FNF:0
FNH:0
DA:1,1
DA:2,1
DA:4,1
DA:5,1
DA:6,1
DA:7,1
DA:8,1
DA:12,1
DA:14,1
DA:15,1
DA:16,1
DA:22,1
DA:23,1
DA:32,1
LF:14
LH:14
BRF:0
BRH:0
end_of_record
TN:
SF:schemas/productSchema.ts
FNF:0
FNH:0
DA:1,1
DA:3,1
DA:12,1
LF:3
LH:3
BRF:0
BRH:0
end_of_record
TN:
SF:services/categoryService.ts
FN:4,findAll
FN:9,createOne
FNF:2
FNH:2
FNDA:2,findAll
FNDA:3,createOne
DA:1,2
DA:5,2
DA:6,2
DA:10,3
DA:11,3
DA:14,2
LF:6
LH:6
BRF:0
BRH:0
end_of_record
TN:
SF:services/productsService.ts
FN:5,findAll
FN:13,findOne
FN:20,createOne
FN:26,getTotalPrice
FN:32,(anonymous_16)
FN:35,(anonymous_17)
FN:36,(anonymous_18)
FNF:7
FNH:0
FNDA:0,findAll
FNDA:0,findOne
FNDA:0,createOne
FNDA:0,getTotalPrice
FNDA:0,(anonymous_16)
FNDA:0,(anonymous_17)
FNDA:0,(anonymous_18)
DA:1,1
DA:2,1
DA:6,0
DA:10,0
DA:14,0
DA:15,0
DA:17,0
DA:21,0
DA:23,0
DA:32,0
DA:33,0
DA:35,0
DA:36,0
DA:37,0
DA:40,0
DA:41,0
DA:43,0
DA:45,0
DA:48,1
LF:19
LH:3
BRDA:40,0,0,0
BRDA:40,1,0,0
BRDA:40,1,1,0
BRF:3
BRH:0
end_of_record
TN:
SF:services/sizeService.ts
FN:4,createOne
FNF:1
FNH:0
FNDA:0,createOne
DA:2,1
DA:5,0
DA:6,0
DA:9,1
LF:4
LH:2
BRF:0
BRH:0
end_of_record
TN:
SF:services/userService.ts
FN:6,findOneByEmail
FN:9,createOne
FN:42,login
FN:83,findAll
FN:87,deleteAll
FN:90,deleteOne
FNF:6
FNH:0
FNDA:0,findOneByEmail
FNDA:0,createOne
FNDA:0,login
FNDA:0,findAll
FNDA:0,deleteAll
FNDA:0,deleteOne
DA:1,1
DA:3,1
DA:4,1
DA:6,1
DA:7,0
DA:9,1
DA:18,0
DA:20,0
DA:22,0
DA:23,0
DA:26,0
DA:32,0
DA:34,0
DA:39,0
DA:42,1
DA:43,0
DA:45,0
DA:46,0
DA:53,0
DA:54,0
DA:56,0
DA:57,0
DA:64,0
DA:71,0
DA:75,0
DA:84,0
DA:88,0
DA:91,0
DA:93,1
LF:29
LH:7
BRDA:22,0,0,0
BRDA:45,1,0,0
BRDA:56,2,0,0
BRF:3
BRH:0
end_of_record
TN:
SF:test/db-helper.ts
FN:4,connect
FN:11,(anonymous_10)
FN:11,(anonymous_11)
FN:17,(anonymous_12)
FN:17,(anonymous_13)
FNF:5
FNH:5
FNDA:2,connect
FNDA:2,(anonymous_10)
FNDA:2,(anonymous_11)
FNDA:4,(anonymous_12)
FNDA:4,(anonymous_13)
DA:1,2
DA:2,2
DA:5,2
DA:6,2
DA:8,2
DA:10,2
DA:11,2
DA:12,2
DA:13,2
DA:15,2
DA:17,4
DA:18,4
DA:20,4
DA:21,14
DA:22,14
DA:28,2
LF:16
LH:16
BRF:0
BRH:0
end_of_record
